\BOOKMARK [0][-]{chapter*.3}{\376\377\000I\000n\000t\000r\000o\000d\000u\000c\000t\000i\000o\000n}{}% 1
\BOOKMARK [1][-]{section.0.1}{\376\377\000C\000\355\000l\000\040\000p\000r\000\341\000c\000e}{chapter*.3}% 2
\BOOKMARK [1][-]{section.0.2}{\376\377\000C\000o\000\040\000o\001\015\000e\000k\000\341\000v\000\341\000m\000,\000\040\001\176\000e\000\040\000b\000u\000d\000e\000\040\000m\000o\000j\000e\000\040\000p\001\131\000i\000d\000a\000n\000\341\000\040\000h\000o\000d\000n\000o\000t\000a}{chapter*.3}% 3
\BOOKMARK [0][-]{chapter.1}{\376\377\000P\000r\000e\000l\000i\000m\000i\000n\000a\000r\000i\000e\000s}{}% 4
\BOOKMARK [0][-]{chapter.2}{\376\377\000R\000e\000l\000a\000t\000e\000d\000\040\000w\000o\000r\000k\000s}{}% 5
\BOOKMARK [0][-]{chapter.3}{\376\377\000M\000y\000\040\000a\000p\000p\000r\000o\000a\000c\000h}{}% 6
\BOOKMARK [1][-]{section.3.1}{\376\377\000i\000P\000h\000o\000n\000e\000\040\000s\000p\000e\000c\000i\000f\000i\000c\000a\000t\000i\000o\000n}{chapter.3}% 7
\BOOKMARK [1][-]{section.3.2}{\376\377\000A\000r\000c\000h\000i\000t\000e\000c\000t\000u\000r\000e}{chapter.3}% 8
\BOOKMARK [1][-]{section.3.3}{\376\377\000Q\000u\000a\000t\000e\000r\000n\000i\000o\000n\000s}{chapter.3}% 9
\BOOKMARK [2][-]{subsection.3.3.1}{\376\377\000Q\000u\000a\000t\000e\000r\000n\000i\000o\000n\000s\000\040\000a\000n\000d\000\040\000r\000o\000t\000a\000t\000i\000o\000n\000\040\000i\000n\000\040\000R\0003}{section.3.3}% 10
\BOOKMARK [0][-]{chapter.4}{\376\377\000E\000x\000p\000e\000r\000i\000m\000e\000n\000t\000a\000l\000\040\000r\000e\000s\000u\000l\000t\000s}{}% 11
\BOOKMARK [0][-]{chapter.5}{\376\377\000N\000o\000t\000e\000s}{}% 12
\BOOKMARK [1][-]{section.5.1}{\376\377\000P\000o\000s\000t\000u\000p}{chapter.5}% 13
\BOOKMARK [1][-]{section.5.2}{\376\377\000H\000a\000r\000m\000o\000n\000o\000g\000r\000a\000m}{chapter.5}% 14
\BOOKMARK [1][-]{section.5.3}{\376\377\0002\0009\000.\000\040\0002\000.\000\040\0002\0000\0001\0006}{chapter.5}% 15
\BOOKMARK [1][-]{section.5.4}{\376\377\0007\000.\000\040\0003\000.\000\040\0002\0000\0001\0006}{chapter.5}% 16
\BOOKMARK [0][-]{chapter*.7}{\376\377\000C\000o\000n\000c\000l\000u\000s\000i\000o\000n}{}% 17
\BOOKMARK [0][-]{chapter*.9}{\376\377\000L\000i\000s\000t\000\040\000o\000f\000\040\000T\000a\000b\000l\000e\000s}{}% 18
\BOOKMARK [0][-]{chapter*.10}{\376\377\000L\000i\000s\000t\000\040\000o\000f\000\040\000A\000b\000b\000r\000e\000v\000i\000a\000t\000i\000o\000n\000s}{}% 19
\BOOKMARK [0][-]{chapter*.11}{\376\377\000A\000t\000t\000a\000c\000h\000m\000e\000n\000t\000s}{}% 20
